<?xml version="1.0" encoding="UTF-8"?>
<!-- Generated by org.testng.reporters.JUnitReportReporter -->
<testsuite hostname="DESKTOP-2BDNIKN" failures="0" tests="5" name="org.example.CheckOnlineReplenishmentTest" time="7.368" errors="0" timestamp="2024-09-03T13:00:45 MSK" skipped="0">
  <testcase classname="org.example.CheckOnlineReplenishmentTest" name="testClickServiceLink" time="2.789"/>
  <testcase classname="org.example.CheckOnlineReplenishmentTest" name="testFillServiceDetailsNext" time="0.025"/>
  <testcase classname="org.example.CheckOnlineReplenishmentTest" name="testAreaLogoDisplay" time="0.243"/>
  <testcase classname="org.example.CheckOnlineReplenishmentTest" name="testCheckTitleName" time="0.088"/>
  <testcase classname="org.example.CheckOnlineReplenishmentTest" name="testFillServiceDetailsFrame" time="4.223"/>
</testsuite> <!-- org.example.CheckOnlineReplenishmentTest -->
