<?xml version="1.0" encoding="UTF-8"?>
<!-- Generated by org.testng.reporters.JUnitReportReporter -->
<testsuite hostname="DESKTOP-2BDNIKN" failures="0" tests="4" name="org.example.CheckPlaceholdersTest" time="2.371" errors="0" timestamp="2024-09-03T13:00:45 MSK" skipped="0">
  <testcase classname="org.example.CheckPlaceholdersTest" name="testGetInputPlaceholdersHomeInternet" time="0.561"/>
  <testcase classname="org.example.CheckPlaceholdersTest" name="testGetInputPlaceholdersService" time="0.564"/>
  <testcase classname="org.example.CheckPlaceholdersTest" name="testGetInputPlaceholdersDebt" time="0.578"/>
  <testcase classname="org.example.CheckPlaceholdersTest" name="testGetInputPlaceholdersCredit" time="0.668"/>
</testsuite> <!-- org.example.CheckPlaceholdersTest -->
